[0503/083121:ERROR:process_info.cc(103)] ReadProcessMemory bool __cdecl crashpad::`anonymous-namespace'::ReadStruct<struct crashpad::process_types::LDR_DATA_TABLE_ENTRY<struct crashpad::process_types::internal::Traits32>>(void *,unsigned __int64,struct crashpad::process_types::LDR_DATA_TABLE_ENTRY<struct crashpad::process_types::internal::Traits32> *): Only part of a ReadProcessMemory or WriteProcessMemory request was completed. (0x12B)
[0503/083121:ERROR:process_info.cc(330)] VirtualQueryEx: Access is denied. (0x5)
[0503/083121:ERROR:process_info.cc(547)] ReadMemoryInfo failed
[0503/083121:ERROR:process_info.cc(608)] range at 0x7ffda000, size 0x230 fully unreadable
[0503/083121:ERROR:process_reader_win.cc(232)] ReadMemory at 0x7ffda000 of 560 bytes failed: Only part of a ReadProcessMemory or WriteProcessMemory request was completed. (0x12B)
[0503/083121:ERROR:process_snapshot_win.cc(349)] ReadMemory PEB
[0503/083121:ERROR:process_reader_win.cc(232)] ReadMemory at 0x1230000 of 64 bytes failed: Only part of a ReadProcessMemory or WriteProcessMemory request was completed. (0x12B)
[0503/083121:WARNING:pe_image_reader.cc(280)] could not read dos header from C:\Program Files\Google\Chrome\Application\chrome.exe
[0503/083121:ERROR:process_reader_win.cc(232)] ReadMemory at 0x7785a000 of 5888 bytes failed: Only part of a ReadProcessMemory or WriteProcessMemory request was completed. (0x12B)
[0503/083121:ERROR:process_reader_win.cc(232)] ReadMemory at 0x1230000 of 64 bytes failed: Only part of a ReadProcessMemory or WriteProcessMemory request was completed. (0x12B)
[0503/083121:WARNING:pe_image_reader.cc(280)] could not read dos header from C:\Program Files\Google\Chrome\Application\chrome.exe
[0503/083121:ERROR:process_reader_win.cc(98)] process 784 not found
[0503/083121:ERROR:process_reader_win.cc(232)] ReadMemory at 0x1230000 of 64 bytes failed: Only part of a ReadProcessMemory or WriteProcessMemory request was completed. (0x12B)
[0503/083121:WARNING:pe_image_reader.cc(280)] could not read dos header from C:\Program Files\Google\Chrome\Application\chrome.exe
[0503/083121:ERROR:process_reader_win.cc(232)] ReadMemory at 0x12ec374 of 12 bytes failed: Only part of a ReadProcessMemory or WriteProcessMemory request was completed. (0x12B)
[0503/083121:WARNING:process_snapshot_win.cc(102)] ReadMemory ExceptionInformation failed
[0503/083121:WARNING:crash_report_exception_handler.cc(60)] ProcessSnapshotWin::InitializeException failed
[0503/083121:ERROR:scoped_process_suspend.cc(38)] NtResumeProcess, ntstatus=-1073741558
[0503/083120:ERROR:process_info.cc(103)] ReadProcessMemory bool __cdecl crashpad::`anonymous-namespace'::ReadStruct<struct crashpad::process_types::RTL_USER_PROCESS_PARAMETERS<struct crashpad::process_types::internal::Traits32>>(void *,unsigned __int64,struct crashpad::process_types::RTL_USER_PROCESS_PARAMETERS<struct crashpad::process_types::internal::Traits32> *): Only part of a ReadProcessMemory or WriteProcessMemory request was completed. (0x12B)
[0503/083121:ERROR:process_info.cc(542)] ReadProcessData failed
[0503/083121:ERROR:process_info.cc(608)] range at 0x7ffd6000, size 0x230 fully unreadable
[0503/083121:ERROR:process_reader_win.cc(232)] ReadMemory at 0x7ffd6000 of 560 bytes failed: Only part of a ReadProcessMemory or WriteProcessMemory request was completed. (0x12B)
[0503/083121:ERROR:process_snapshot_win.cc(349)] ReadMemory PEB
[0503/083121:ERROR:process_reader_win.cc(232)] ReadMemory at 0x7785a000 of 5888 bytes failed: Only part of a ReadProcessMemory or WriteProcessMemory request was completed. (0x12B)
[0503/083121:ERROR:process_reader_win.cc(98)] process 3856 not found
[0503/083121:ERROR:process_reader_win.cc(232)] ReadMemory at 0x12ec374 of 12 bytes failed: Only part of a ReadProcessMemory or WriteProcessMemory request was completed. (0x12B)
[0503/083121:WARNING:process_snapshot_win.cc(102)] ReadMemory ExceptionInformation failed
[0503/083121:WARNING:crash_report_exception_handler.cc(60)] ProcessSnapshotWin::InitializeException failed
[0503/083121:ERROR:scoped_process_suspend.cc(38)] NtResumeProcess, ntstatus=-1073741558
